app/build/outputs/logs/manifest-merger-debug-report.txt
-- Merging decision tree log ---
manifest
ADDED from src/main/AndroidManifest.xml:2:1-597:12
	package
		ADDED from src/main/AndroidManifest.xml:2:70-107
		INJECTED from src/main/AndroidManifest.xml
		INJECTED from src/main/AndroidManifest.xml
	android:versionName
		INJECTED from src/main/AndroidManifest.xml
		INJECTED from src/main/AndroidManifest.xml
	xmlns:android
		ADDED from src/main/AndroidManifest.xml:2:11-69
	android:versionCode
		INJECTED from src/main/AndroidManifest.xml
		INJECTED from src/main/AndroidManifest.xml
application
ADDED from src/main/AndroidManifest.xml:4:5-486:19
MERGED from [São Braz 3.4 - Mobiclub.libraries:zxing-app:unspecified] AndroidManifest.xml:67:5-68:19
MERGED from [São Braz 3.4 - Mobiclub.libraries:facebook:unspecified] AndroidManifest.xml:11:5-12:19
MERGED from [São Braz 3.4 - Mobiclub.libraries:facebook-sdk:unspecified] AndroidManifest.xml:24:5-20
MERGED from [São Braz 3.4 - Mobiclub.libraries:UserVoiceSDK:unspecified] AndroidManifest.xml:11:5-20
MERGED from [com.android.support:appcompat-v7:19.1.0] AndroidManifest.xml:19:5-20
MERGED from [com.actionbarsherlock:viewpagerindicator:2.4.1] AndroidManifest.xml:4:5-19
MERGED from [com.onesignal:OneSignal:3.6.4] AndroidManifest.xml:49:5-104:19
MERGED from [com.google.android.gms:play-services-gcm:11.2.2] AndroidManifest.xml:23:5-19
MERGED from [com.google.android.gms:play-services-iid:11.2.2] AndroidManifest.xml:23:5-19
MERGED from [com.google.android.gms:play-services-location:11.2.2] AndroidManifest.xml:4:5-19
MERGED from [com.google.android.gms:play-services-base:11.2.2] AndroidManifest.xml:18:5-20:19
MERGED from [com.google.android.gms:play-services-tasks:11.2.2] AndroidManifest.xml:4:5-19
MERGED from [com.google.android.gms:play-services-basement:11.2.2] AndroidManifest.xml:19:5-21:19
MERGED from [com.android.support:support-v4:26.1.0] AndroidManifest.xml:25:5-29:19
MERGED from [com.android.support:support-media-compat:26.1.0] AndroidManifest.xml:25:5-29:19
MERGED from [com.android.support:support-fragment:26.1.0] AndroidManifest.xml:25:5-29:19
MERGED from [com.android.support:support-core-ui:26.1.0] AndroidManifest.xml:25:5-29:19
MERGED from [com.android.support:support-core-utils:26.1.0] AndroidManifest.xml:25:5-29:19
MERGED from [com.android.support:customtabs:26.1.0] AndroidManifest.xml:22:5-26:19
MERGED from [com.android.support:support-compat:26.1.0] AndroidManifest.xml:25:5-29:19
MERGED from [android.arch.lifecycle:runtime:1.0.0] AndroidManifest.xml:24:5-28:19
	android:label
		ADDED from src/main/AndroidManifest.xml:7:9-41
	android:icon
		ADDED from src/main/AndroidManifest.xml:6:9-45
	android:allowBackup
		ADDED from [São Braz 3.4 - Mobiclub.libraries:zxing-app:unspecified] AndroidManifest.xml:67:18-44
	android:theme
		ADDED from src/main/AndroidManifest.xml:8:9-46
	android:name
		ADDED from src/main/AndroidManifest.xml:5:9-71
meta-data#com.google.android.maps.v2.API_KEY
ADDED from src/main/AndroidManifest.xml:10:9-12:55
	android:value
		ADDED from src/main/AndroidManifest.xml:12:13-52
	android:name
		ADDED from src/main/AndroidManifest.xml:11:13-62
meta-data#com.crashlytics.ApiKey
ADDED from src/main/AndroidManifest.xml:14:9-15:71
	android:value
		ADDED from src/main/AndroidManifest.xml:15:13-69
	android:name
		ADDED from src/main/AndroidManifest.xml:14:20-57
meta-data#com.google.android.gms.version
ADDED from src/main/AndroidManifest.xml:17:9-19:69
MERGED from [com.google.android.gms:play-services-basement:11.2.2] AndroidManifest.xml:20:9-121
	android:value
		ADDED from src/main/AndroidManifest.xml:19:13-66
	android:name
		ADDED from src/main/AndroidManifest.xml:18:13-58
activity#br.com.mobiclub.quantoprima.ui.activity.launch.LaunchActivity
ADDED from src/main/AndroidManifest.xml:21:9-33:20
	android:screenOrientation
		ADDED from src/main/AndroidManifest.xml:23:13-49
	android:icon
		ADDED from src/main/AndroidManifest.xml:24:13-49
	android:theme
		ADDED from src/main/AndroidManifest.xml:25:13-61
	android:name
		ADDED from src/main/AndroidManifest.xml:22:13-62
intent-filter#android.intent.action.MAIN+android.intent.category.DEFAULT+android.intent.category.LAUNCHER
ADDED from src/main/AndroidManifest.xml:27:13-32:29
action#android.intent.action.MAIN
ADDED from src/main/AndroidManifest.xml:28:17-69
	android:name
		ADDED from src/main/AndroidManifest.xml:28:25-66
category#android.intent.category.DEFAULT
ADDED from src/main/AndroidManifest.xml:30:17-76
	android:name
		ADDED from src/main/AndroidManifest.xml:30:27-73
category#android.intent.category.LAUNCHER
ADDED from src/main/AndroidManifest.xml:31:17-77
	android:name
		ADDED from src/main/AndroidManifest.xml:31:27-74
activity#br.com.mobiclub.quantoprima.ui.activity.launch.SplashActivity
ADDED from src/main/AndroidManifest.xml:34:9-39:20
	android:screenOrientation
		ADDED from src/main/AndroidManifest.xml:36:13-49
	android:icon
		ADDED from src/main/AndroidManifest.xml:37:13-52
	android:theme
		ADDED from src/main/AndroidManifest.xml:38:13-61
	android:name
		ADDED from src/main/AndroidManifest.xml:35:13-62
activity#br.com.mobiclub.quantoprima.ui.activity.launch.OutdatedActivity
ADDED from src/main/AndroidManifest.xml:40:9-46:20
	android:screenOrientation
		ADDED from src/main/AndroidManifest.xml:44:13-49
	android:noHistory
		ADDED from src/main/AndroidManifest.xml:42:13-37
	android:icon
		ADDED from src/main/AndroidManifest.xml:43:13-52
	android:theme
		ADDED from src/main/AndroidManifest.xml:45:13-61
	android:name
		ADDED from src/main/AndroidManifest.xml:41:13-64
activity#br.com.mobiclub.quantoprima.ui.activity.account.AccountBlockedActivity
ADDED from src/main/AndroidManifest.xml:47:9-52:20
	android:screenOrientation
		ADDED from src/main/AndroidManifest.xml:49:13-49
	android:icon
		ADDED from src/main/AndroidManifest.xml:50:13-52
	android:theme
		ADDED from src/main/AndroidManifest.xml:51:13-61
	android:name
		ADDED from src/main/AndroidManifest.xml:48:13-71
activity#br.com.mobiclub.quantoprima.ui.activity.account.SigninActivity
ADDED from src/main/AndroidManifest.xml:55:9-66:20
	android:screenOrientation
		ADDED from src/main/AndroidManifest.xml:58:13-49
	android:icon
		ADDED from src/main/AndroidManifest.xml:57:13-52
	android:theme
		ADDED from src/main/AndroidManifest.xml:59:13-61
	android:name
		ADDED from src/main/AndroidManifest.xml:56:13-63
activity#br.com.mobiclub.quantoprima.ui.activity.account.SigninEmailActivity
ADDED from src/main/AndroidManifest.xml:67:9-82:20
	android:screenOrientation
		ADDED from src/main/AndroidManifest.xml:69:13-49
	android:parentActivityName
		ADDED from src/main/AndroidManifest.xml:74:13-104
	android:exported
		ADDED from src/main/AndroidManifest.xml:73:13-36
	android:windowSoftInputMode
		ADDED from src/main/AndroidManifest.xml:72:13-67
	android:icon
		ADDED from src/main/AndroidManifest.xml:70:13-52
	android:theme
		ADDED from src/main/AndroidManifest.xml:71:13-61
	android:name
		ADDED from src/main/AndroidManifest.xml:68:13-95
meta-data#android.support.PARENT_ACTIVITY
ADDED from src/main/AndroidManifest.xml:78:13-80:98
	android:value
		ADDED from src/main/AndroidManifest.xml:80:17-95
	android:name
		ADDED from src/main/AndroidManifest.xml:79:17-63
activity#br.com.mobiclub.quantoprima.ui.activity.account.SignupActivity
ADDED from src/main/AndroidManifest.xml:83:9-97:20
	android:screenOrientation
		ADDED from src/main/AndroidManifest.xml:89:13-49
	android:label
		ADDED from src/main/AndroidManifest.xml:87:13-58
	android:parentActivityName
		ADDED from src/main/AndroidManifest.xml:88:13-77
	android:windowSoftInputMode
		ADDED from src/main/AndroidManifest.xml:90:13-67
	android:configChanges
		ADDED from src/main/AndroidManifest.xml:85:13-51
	android:icon
		ADDED from src/main/AndroidManifest.xml:86:13-52
	android:name
		ADDED from src/main/AndroidManifest.xml:84:13-63
activity#com.facebook.LoginActivity
ADDED from src/main/AndroidManifest.xml:99:9-101:48
	android:label
		ADDED from src/main/AndroidManifest.xml:101:13-45
	android:theme
		ADDED from src/main/AndroidManifest.xml:100:13-72
	android:name
		ADDED from src/main/AndroidManifest.xml:99:19-60
meta-data#com.facebook.sdk.ApplicationId
ADDED from src/main/AndroidManifest.xml:104:9-105:45
	android:value
		ADDED from src/main/AndroidManifest.xml:105:13-43
	android:name
		ADDED from src/main/AndroidManifest.xml:104:20-65
provider#com.facebook.NativeAppCallContentProvider
ADDED from src/main/AndroidManifest.xml:106:9-108:38
	android:authorities
		ADDED from src/main/AndroidManifest.xml:106:19-101
	android:exported
		ADDED from src/main/AndroidManifest.xml:108:13-36
	android:name
		ADDED from src/main/AndroidManifest.xml:107:13-69
activity#br.com.mobiclub.quantoprima.ui.activity.account.LostPasswordActivity
ADDED from src/main/AndroidManifest.xml:110:9-123:20
	android:screenOrientation
		ADDED from src/main/AndroidManifest.xml:115:13-49
	android:label
		ADDED from src/main/AndroidManifest.xml:112:13-65
	android:parentActivityName
		ADDED from src/main/AndroidManifest.xml:114:13-77
	android:windowSoftInputMode
		ADDED from src/main/AndroidManifest.xml:116:13-67
	android:icon
		ADDED from src/main/AndroidManifest.xml:113:13-52
	android:name
		ADDED from src/main/AndroidManifest.xml:111:13-69
activity#br.com.mobiclub.quantoprima.ui.activity.HomeActivity
ADDED from src/main/AndroidManifest.xml:129:9-137:20
	android:screenOrientation
		ADDED from src/main/AndroidManifest.xml:134:13-49
	android:label
		ADDED from src/main/AndroidManifest.xml:135:13-56
	android:configChanges
		ADDED from src/main/AndroidManifest.xml:132:13-74
	android:icon
		ADDED from src/main/AndroidManifest.xml:133:13-52
	android:theme
		ADDED from src/main/AndroidManifest.xml:131:13-50
	android:name
		ADDED from src/main/AndroidManifest.xml:130:13-53
activity#br.com.mobiclub.quantoprima.ui.activity.mobi.MobiOfflineActivity
ADDED from src/main/AndroidManifest.xml:138:9-147:20
	android:screenOrientation
		ADDED from src/main/AndroidManifest.xml:141:13-49
	android:label
		ADDED from src/main/AndroidManifest.xml:140:13-65
	android:parentActivityName
		ADDED from src/main/AndroidManifest.xml:143:13-67
	android:icon
		ADDED from src/main/AndroidManifest.xml:142:13-52
	android:name
		ADDED from src/main/AndroidManifest.xml:139:13-65
activity#br.com.mobiclub.quantoprima.ui.activity.NewsActivity
ADDED from src/main/AndroidManifest.xml:148:9-62
	android:name
		ADDED from src/main/AndroidManifest.xml:148:19-59
activity#br.com.mobiclub.quantoprima.ui.activity.UserActivity
ADDED from src/main/AndroidManifest.xml:149:9-152:48
	android:label
		ADDED from src/main/AndroidManifest.xml:152:13-45
	android:icon
		ADDED from src/main/AndroidManifest.xml:151:13-52
	android:name
		ADDED from src/main/AndroidManifest.xml:150:13-53
activity#br.com.mobiclub.quantoprima.ui.activity.qrcode.CaptureActivity
ADDED from src/main/AndroidManifest.xml:153:9-162:20
	android:clearTaskOnLaunch
		ADDED from src/main/AndroidManifest.xml:161:14-46
	android:screenOrientation
		ADDED from src/main/AndroidManifest.xml:157:13-55
	android:label
		ADDED from src/main/AndroidManifest.xml:155:13-59
	android:stateNotNeeded
		ADDED from src/main/AndroidManifest.xml:160:14-43
	android:windowSoftInputMode
		ADDED from src/main/AndroidManifest.xml:158:13-60
	android:configChanges
		ADDED from src/main/AndroidManifest.xml:159:14-64
	android:icon
		ADDED from src/main/AndroidManifest.xml:156:13-52
	android:name
		ADDED from src/main/AndroidManifest.xml:154:13-63
activity#br.com.mobiclub.quantoprima.ui.activity.profile.ProfileActivity
ADDED from src/main/AndroidManifest.xml:163:9-172:20
	android:screenOrientation
		ADDED from src/main/AndroidManifest.xml:167:13-49
	android:label
		ADDED from src/main/AndroidManifest.xml:165:13-59
	android:parentActivityName
		ADDED from src/main/AndroidManifest.xml:168:13-67
	android:icon
		ADDED from src/main/AndroidManifest.xml:166:13-52
	android:name
		ADDED from src/main/AndroidManifest.xml:164:13-64
activity#br.com.mobiclub.quantoprima.ui.activity.profile.ProfileEditActivity
ADDED from src/main/AndroidManifest.xml:173:9-182:20
	android:screenOrientation
		ADDED from src/main/AndroidManifest.xml:177:13-49
	android:label
		ADDED from src/main/AndroidManifest.xml:175:13-64
	android:parentActivityName
		ADDED from src/main/AndroidManifest.xml:178:13-78
	android:icon
		ADDED from src/main/AndroidManifest.xml:176:13-52
	android:name
		ADDED from src/main/AndroidManifest.xml:174:13-68
activity#br.com.mobiclub.quantoprima.ui.activity.store.StoreActivity
ADDED from src/main/AndroidManifest.xml:183:9-193:20
	android:screenOrientation
		ADDED from src/main/AndroidManifest.xml:187:13-49
	android:label
		ADDED from src/main/AndroidManifest.xml:185:13-57
	android:parentActivityName
		ADDED from src/main/AndroidManifest.xml:188:13-67
	android:icon
		ADDED from src/main/AndroidManifest.xml:186:13-52
	android:theme
		ADDED from src/main/AndroidManifest.xml:189:13-52
	android:name
		ADDED from src/main/AndroidManifest.xml:184:13-60
activity#br.com.mobiclub.quantoprima.ui.activity.store.CardapioActivity
ADDED from src/main/AndroidManifest.xml:194:9-203:20
	android:screenOrientation
		ADDED from src/main/AndroidManifest.xml:198:13-49
	android:label
		ADDED from src/main/AndroidManifest.xml:196:13-60
	android:parentActivityName
		ADDED from src/main/AndroidManifest.xml:199:13-74
	android:icon
		ADDED from src/main/AndroidManifest.xml:197:13-52
	android:name
		ADDED from src/main/AndroidManifest.xml:195:13-63
activity#br.com.mobiclub.quantoprima.ui.activity.store.CardapioItemActivity
ADDED from src/main/AndroidManifest.xml:204:9-213:20
	android:screenOrientation
		ADDED from src/main/AndroidManifest.xml:208:13-49
	android:label
		ADDED from src/main/AndroidManifest.xml:206:13-60
	android:parentActivityName
		ADDED from src/main/AndroidManifest.xml:209:13-77
	android:icon
		ADDED from src/main/AndroidManifest.xml:207:13-52
	android:name
		ADDED from src/main/AndroidManifest.xml:205:13-67
activity#br.com.mobiclub.quantoprima.ui.activity.store.survey.SurveyActivity
ADDED from src/main/AndroidManifest.xml:214:9-223:20
	android:screenOrientation
		ADDED from src/main/AndroidManifest.xml:218:13-49
	android:label
		ADDED from src/main/AndroidManifest.xml:216:13-58
	android:parentActivityName
		ADDED from src/main/AndroidManifest.xml:219:13-74
	android:icon
		ADDED from src/main/AndroidManifest.xml:217:13-52
	android:name
		ADDED from src/main/AndroidManifest.xml:215:13-68
activity#br.com.mobiclub.quantoprima.ui.activity.reward.RewardActivity
ADDED from src/main/AndroidManifest.xml:226:9-235:20
	android:screenOrientation
		ADDED from src/main/AndroidManifest.xml:230:13-49
	android:label
		ADDED from src/main/AndroidManifest.xml:228:13-58
	android:parentActivityName
		ADDED from src/main/AndroidManifest.xml:231:13-67
	android:icon
		ADDED from src/main/AndroidManifest.xml:229:13-52
	android:name
		ADDED from src/main/AndroidManifest.xml:227:13-62
activity#br.com.mobiclub.quantoprima.ui.activity.reward.RewardDetailActivity
ADDED from src/main/AndroidManifest.xml:236:9-245:20
	android:screenOrientation
		ADDED from src/main/AndroidManifest.xml:240:13-49
	android:label
		ADDED from src/main/AndroidManifest.xml:238:13-65
	android:parentActivityName
		ADDED from src/main/AndroidManifest.xml:241:13-76
	android:icon
		ADDED from src/main/AndroidManifest.xml:239:13-52
	android:name
		ADDED from src/main/AndroidManifest.xml:237:13-68
activity#br.com.mobiclub.quantoprima.ui.activity.reward.RescueRewardActivity
ADDED from src/main/AndroidManifest.xml:246:9-255:20
	android:screenOrientation
		ADDED from src/main/AndroidManifest.xml:250:13-49
	android:label
		ADDED from src/main/AndroidManifest.xml:248:13-65
	android:parentActivityName
		ADDED from src/main/AndroidManifest.xml:251:13-76
	android:icon
		ADDED from src/main/AndroidManifest.xml:249:13-52
	android:name
		ADDED from src/main/AndroidManifest.xml:247:13-68
activity#br.com.mobiclub.quantoprima.ui.activity.notification.NotificationsActivity
ADDED from src/main/AndroidManifest.xml:256:9-265:20
	android:screenOrientation
		ADDED from src/main/AndroidManifest.xml:260:13-49
	android:label
		ADDED from src/main/AndroidManifest.xml:258:13-65
	android:parentActivityName
		ADDED from src/main/AndroidManifest.xml:261:13-67
	android:icon
		ADDED from src/main/AndroidManifest.xml:259:13-52
	android:name
		ADDED from src/main/AndroidManifest.xml:257:13-75
activity#br.com.mobiclub.quantoprima.ui.activity.notification.NotificationItemActivity
ADDED from src/main/AndroidManifest.xml:266:9-275:20
	android:screenOrientation
		ADDED from src/main/AndroidManifest.xml:270:13-49
	android:label
		ADDED from src/main/AndroidManifest.xml:268:13-65
	android:parentActivityName
		ADDED from src/main/AndroidManifest.xml:271:13-89
	android:icon
		ADDED from src/main/AndroidManifest.xml:269:13-52
	android:name
		ADDED from src/main/AndroidManifest.xml:267:13-78
activity#br.com.mobiclub.quantoprima.ui.activity.notification.NotificationsConfigActivity
ADDED from src/main/AndroidManifest.xml:276:9-285:20
	android:screenOrientation
		ADDED from src/main/AndroidManifest.xml:280:13-49
	android:label
		ADDED from src/main/AndroidManifest.xml:278:13-72
	android:parentActivityName
		ADDED from src/main/AndroidManifest.xml:281:13-78
	android:icon
		ADDED from src/main/AndroidManifest.xml:279:13-52
	android:name
		ADDED from src/main/AndroidManifest.xml:277:13-81
activity#br.com.mobiclub.quantoprima.ui.activity.notification.PushNotificationsActivity
ADDED from src/main/AndroidManifest.xml:286:9-289:20
	android:icon
		ADDED from src/main/AndroidManifest.xml:287:13-52
	android:theme
		ADDED from src/main/AndroidManifest.xml:288:13-61
	android:name
		ADDED from src/main/AndroidManifest.xml:286:19-85
activity#br.com.mobiclub.quantoprima.ui.activity.TutorialActivity
ADDED from src/main/AndroidManifest.xml:290:9-303:20
	android:screenOrientation
		ADDED from src/main/AndroidManifest.xml:295:13-49
	android:excludeFromRecents
		ADDED from src/main/AndroidManifest.xml:292:13-46
	android:noHistory
		ADDED from src/main/AndroidManifest.xml:294:13-37
	android:icon
		ADDED from src/main/AndroidManifest.xml:293:13-52
	android:theme
		ADDED from src/main/AndroidManifest.xml:296:13-61
	android:name
		ADDED from src/main/AndroidManifest.xml:291:13-57
activity#br.com.mobiclub.quantoprima.ui.activity.AboutActivity
ADDED from src/main/AndroidManifest.xml:304:9-308:20
	android:label
		ADDED from src/main/AndroidManifest.xml:307:13-57
	android:icon
		ADDED from src/main/AndroidManifest.xml:306:13-52
	android:name
		ADDED from src/main/AndroidManifest.xml:305:13-54
activity#br.com.mobiclub.quantoprima.ui.activity.AboutMobiClubActivity
ADDED from src/main/AndroidManifest.xml:309:9-313:20
	android:label
		ADDED from src/main/AndroidManifest.xml:312:13-66
	android:icon
		ADDED from src/main/AndroidManifest.xml:311:13-52
	android:name
		ADDED from src/main/AndroidManifest.xml:310:13-62
activity#br.com.mobiclub.quantoprima.ui.activity.WebViewActivity
ADDED from src/main/AndroidManifest.xml:314:9-318:20
	android:screenOrientation
		ADDED from src/main/AndroidManifest.xml:317:13-49
	android:label
		ADDED from src/main/AndroidManifest.xml:316:13-59
	android:icon
		ADDED from src/main/AndroidManifest.xml:315:13-52
	android:name
		ADDED from src/main/AndroidManifest.xml:314:19-62
activity#br.com.mobiclub.quantoprima.ui.activity.CentralActivity
ADDED from src/main/AndroidManifest.xml:319:9-325:20
	android:screenOrientation
		ADDED from src/main/AndroidManifest.xml:324:13-49
	android:label
		ADDED from src/main/AndroidManifest.xml:323:13-59
	android:configChanges
		ADDED from src/main/AndroidManifest.xml:322:13-71
	android:icon
		ADDED from src/main/AndroidManifest.xml:321:13-52
	android:name
		ADDED from src/main/AndroidManifest.xml:320:13-56
activity#br.com.mobiclub.quantoprima.ui.activity.AppInactiveActivity
ADDED from src/main/AndroidManifest.xml:326:9-334:20
	android:screenOrientation
		ADDED from src/main/AndroidManifest.xml:332:13-49
	android:label
		ADDED from src/main/AndroidManifest.xml:330:13-64
	android:excludeFromRecents
		ADDED from src/main/AndroidManifest.xml:329:13-46
	android:noHistory
		ADDED from src/main/AndroidManifest.xml:331:13-37
	android:icon
		ADDED from src/main/AndroidManifest.xml:328:13-52
	android:theme
		ADDED from src/main/AndroidManifest.xml:333:13-61
	android:name
		ADDED from src/main/AndroidManifest.xml:327:13-60
activity#br.com.mobiclub.quantoprima.ui.activity.LocationActivity
ADDED from src/main/AndroidManifest.xml:335:9-340:20
	android:screenOrientation
		ADDED from src/main/AndroidManifest.xml:339:13-49
	android:label
		ADDED from src/main/AndroidManifest.xml:338:13-65
	android:icon
		ADDED from src/main/AndroidManifest.xml:337:13-52
	android:name
		ADDED from src/main/AndroidManifest.xml:336:13-57
activity#br.com.mobiclub.quantoprima.ui.activity.MapActivity
ADDED from src/main/AndroidManifest.xml:341:9-346:20
	android:screenOrientation
		ADDED from src/main/AndroidManifest.xml:345:13-49
	android:label
		ADDED from src/main/AndroidManifest.xml:344:13-55
	android:icon
		ADDED from src/main/AndroidManifest.xml:343:13-52
	android:name
		ADDED from src/main/AndroidManifest.xml:342:13-52
activity#br.com.mobiclub.quantoprima.ui.activity.QRCodeActivityMock
ADDED from src/main/AndroidManifest.xml:347:9-352:20
	android:screenOrientation
		ADDED from src/main/AndroidManifest.xml:351:13-49
	android:label
		ADDED from src/main/AndroidManifest.xml:350:13-58
	android:icon
		ADDED from src/main/AndroidManifest.xml:349:13-52
	android:name
		ADDED from src/main/AndroidManifest.xml:348:13-59
activity#br.com.mobiclub.quantoprima.ui.activity.account.ImportanciaCpfActivity
ADDED from src/main/AndroidManifest.xml:353:9-361:20
	android:screenOrientation
		ADDED from src/main/AndroidManifest.xml:359:13-49
	android:label
		ADDED from src/main/AndroidManifest.xml:357:13-67
	android:parentActivityName
		ADDED from src/main/AndroidManifest.xml:358:13-77
	android:windowSoftInputMode
		ADDED from src/main/AndroidManifest.xml:360:13-67
	android:configChanges
		ADDED from src/main/AndroidManifest.xml:355:13-51
	android:icon
		ADDED from src/main/AndroidManifest.xml:356:13-52
	android:name
		ADDED from src/main/AndroidManifest.xml:354:13-71
activity#br.com.mobiclub.quantoprima.ui.activity.account.CadastrarCpfActivity
ADDED from src/main/AndroidManifest.xml:363:9-371:20
	android:screenOrientation
		ADDED from src/main/AndroidManifest.xml:369:13-49
	android:label
		ADDED from src/main/AndroidManifest.xml:367:13-64
	android:parentActivityName
		ADDED from src/main/AndroidManifest.xml:368:13-77
	android:windowSoftInputMode
		ADDED from src/main/AndroidManifest.xml:370:13-67
	android:configChanges
		ADDED from src/main/AndroidManifest.xml:365:13-51
	android:icon
		ADDED from src/main/AndroidManifest.xml:366:13-52
	android:name
		ADDED from src/main/AndroidManifest.xml:364:13-69
activity#br.com.mobiclub.quantoprima.ui.activity.account.CadastrarCpfToStoreActivity
ADDED from src/main/AndroidManifest.xml:373:9-381:20
	android:screenOrientation
		ADDED from src/main/AndroidManifest.xml:379:13-49
	android:label
		ADDED from src/main/AndroidManifest.xml:377:13-64
	android:parentActivityName
		ADDED from src/main/AndroidManifest.xml:378:13-77
	android:windowSoftInputMode
		ADDED from src/main/AndroidManifest.xml:380:13-67
	android:configChanges
		ADDED from src/main/AndroidManifest.xml:375:13-51
	android:icon
		ADDED from src/main/AndroidManifest.xml:376:13-52
	android:name
		ADDED from src/main/AndroidManifest.xml:374:13-76
activity#com.onesignal.PermissionsActivity
ADDED from src/main/AndroidManifest.xml:383:9-384:75
MERGED from [com.onesignal:OneSignal:3.6.4] AndroidManifest.xml:86:9-88:75
	android:theme
		ADDED from src/main/AndroidManifest.xml:384:13-72
	android:name
		ADDED from src/main/AndroidManifest.xml:383:19-67
service#br.com.mobiclub.quantoprima.service.MobiSyncingService
ADDED from src/main/AndroidManifest.xml:387:9-389:40
	android:exported
		ADDED from src/main/AndroidManifest.xml:389:13-37
	android:name
		ADDED from src/main/AndroidManifest.xml:388:13-55
service#br.com.mobiclub.quantoprima.service.authenticator.AccountAuthenticatorService
ADDED from src/main/AndroidManifest.xml:390:9-400:19
	android:process
		ADDED from src/main/AndroidManifest.xml:392:13-36
	android:name
		ADDED from src/main/AndroidManifest.xml:391:13-78
intent-filter#android.accounts.AccountAuthenticator
ADDED from src/main/AndroidManifest.xml:393:13-395:29
action#android.accounts.AccountAuthenticator
ADDED from src/main/AndroidManifest.xml:394:17-80
	android:name
		ADDED from src/main/AndroidManifest.xml:394:25-77
meta-data#android.accounts.AccountAuthenticator
ADDED from src/main/AndroidManifest.xml:397:13-399:57
	android:resource
		ADDED from src/main/AndroidManifest.xml:399:17-54
	android:name
		ADDED from src/main/AndroidManifest.xml:398:17-69
service#com.onesignal.GcmIntentJobService
ADDED from src/main/AndroidManifest.xml:422:9-423:72
MERGED from [com.onesignal:OneSignal:3.6.4] AndroidManifest.xml:72:9-74:72
	android:permission
		ADDED from src/main/AndroidManifest.xml:423:13-69
	android:name
		ADDED from src/main/AndroidManifest.xml:422:18-66
service#com.onesignal.NotificationRestoreService
ADDED from src/main/AndroidManifest.xml:425:9-76
MERGED from [com.onesignal:OneSignal:3.6.4] AndroidManifest.xml:90:9-76
	android:name
		ADDED from src/main/AndroidManifest.xml:425:18-73
meta-data#onesignal_app_id
ADDED from src/main/AndroidManifest.xml:433:9-434:68
MERGED from [com.onesignal:OneSignal:3.6.4] AndroidManifest.xml:50:9-52:51
	android:value
		ADDED from src/main/AndroidManifest.xml:434:13-65
	android:name
		ADDED from src/main/AndroidManifest.xml:433:20-51
receiver#com.onesignal.GcmBroadcastReceiver
ADDED from src/main/AndroidManifest.xml:436:9-443:20
MERGED from [com.onesignal:OneSignal:3.6.4] AndroidManifest.xml:58:9-68:20
	android:permission
		ADDED from src/main/AndroidManifest.xml:438:13-73
	android:name
		ADDED from src/main/AndroidManifest.xml:437:13-62
intent-filter#com.google.android.c2dm.intent.RECEIVE+com.onesignal.example
ADDED from src/main/AndroidManifest.xml:439:13-442:29
action#com.google.android.c2dm.intent.RECEIVE
ADDED from src/main/AndroidManifest.xml:440:17-81
	android:name
		ADDED from src/main/AndroidManifest.xml:440:25-78
category#com.onesignal.example
ADDED from src/main/AndroidManifest.xml:441:17-66
	android:name
		ADDED from src/main/AndroidManifest.xml:441:27-63
receiver#com.onesignal.NotificationOpenedReceiver
ADDED from src/main/AndroidManifest.xml:445:9-77
MERGED from [com.onesignal:OneSignal:3.6.4] AndroidManifest.xml:69:9-77
	android:name
		ADDED from src/main/AndroidManifest.xml:445:19-74
service#com.onesignal.GcmIntentService
ADDED from src/main/AndroidManifest.xml:446:9-66
MERGED from [com.onesignal:OneSignal:3.6.4] AndroidManifest.xml:71:9-66
	android:name
		ADDED from src/main/AndroidManifest.xml:446:18-63
service#com.onesignal.SyncService
ADDED from src/main/AndroidManifest.xml:447:9-90
MERGED from [com.onesignal:OneSignal:3.6.4] AndroidManifest.xml:84:9-61
	android:stopWithTask
		ADDED from src/main/AndroidManifest.xml:447:59-87
	android:name
		ADDED from src/main/AndroidManifest.xml:447:18-58
receiver#com.onesignal.BootUpReceiver
ADDED from src/main/AndroidManifest.xml:450:9-455:20
MERGED from [com.onesignal:OneSignal:3.6.4] AndroidManifest.xml:92:9-98:20
	android:name
		ADDED from src/main/AndroidManifest.xml:450:19-62
intent-filter#android.intent.action.BOOT_COMPLETED+android.intent.action.QUICKBOOT_POWERON
ADDED from src/main/AndroidManifest.xml:451:13-454:29
action#android.intent.action.BOOT_COMPLETED
ADDED from src/main/AndroidManifest.xml:452:17-79
	android:name
		ADDED from src/main/AndroidManifest.xml:452:25-76
action#android.intent.action.QUICKBOOT_POWERON
ADDED from src/main/AndroidManifest.xml:453:17-82
	android:name
		ADDED from src/main/AndroidManifest.xml:453:25-79
receiver#com.onesignal.UpgradeReceiver
ADDED from src/main/AndroidManifest.xml:456:9-460:20
MERGED from [com.onesignal:OneSignal:3.6.4] AndroidManifest.xml:99:9-103:20
	android:name
		ADDED from src/main/AndroidManifest.xml:456:19-63
intent-filter#android.intent.action.MY_PACKAGE_REPLACED
ADDED from src/main/AndroidManifest.xml:457:13-459:29
action#android.intent.action.MY_PACKAGE_REPLACED
ADDED from src/main/AndroidManifest.xml:458:17-84
	android:name
		ADDED from src/main/AndroidManifest.xml:458:25-81
service#com.parse.PushService
ADDED from src/main/AndroidManifest.xml:464:9-57
	android:name
		ADDED from src/main/AndroidManifest.xml:464:18-54
receiver#br.com.mobiclub.quantoprima.ui.activity.notification.Receiver
ADDED from src/main/AndroidManifest.xml:465:9-472:20
	android:exported
		ADDED from src/main/AndroidManifest.xml:466:13-37
	android:name
		ADDED from src/main/AndroidManifest.xml:465:19-68
intent-filter#com.parse.push.intent.DELETE+com.parse.push.intent.OPEN+com.parse.push.intent.RECEIVE
ADDED from src/main/AndroidManifest.xml:467:13-471:29
action#com.parse.push.intent.RECEIVE
ADDED from src/main/AndroidManifest.xml:468:17-72
	android:name
		ADDED from src/main/AndroidManifest.xml:468:25-69
action#com.parse.push.intent.DELETE
ADDED from src/main/AndroidManifest.xml:469:17-71
	android:name
		ADDED from src/main/AndroidManifest.xml:469:25-68
action#com.parse.push.intent.OPEN
ADDED from src/main/AndroidManifest.xml:470:17-69
	android:name
		ADDED from src/main/AndroidManifest.xml:470:25-66
receiver#com.parse.GcmBroadcastReceiver
ADDED from src/main/AndroidManifest.xml:473:9-484:20
	android:permission
		ADDED from src/main/AndroidManifest.xml:474:13-73
	android:name
		ADDED from src/main/AndroidManifest.xml:473:19-64
intent-filter#br.com.mobiclub.quantoprima+com.google.android.c2dm.intent.RECEIVE+com.google.android.c2dm.intent.REGISTRATION
ADDED from src/main/AndroidManifest.xml:475:13-483:29
action#com.google.android.c2dm.intent.REGISTRATION
ADDED from src/main/AndroidManifest.xml:477:17-86
	android:name
		ADDED from src/main/AndroidManifest.xml:477:25-83